build/app/outputs/mapping/release/seeds.txt
com.nvsces.zm.fellow_travelers_zm.MainActivity: MainActivity()
com.nvsces.zm.fellow_travelers_zm.MainActivity
...
com.vk.sdk.api.base.dto.BaseCropPhotoCrop: float x
com.vk.sdk.api.search.dto.SearchHint: com.vk.sdk.api.base.dto.BaseBoolInt component4()
com.vk.sdk.api.groups.dto.GroupsFields: com.vk.sdk.api.groups.dto.GroupsFields CAN_UPLOAD_DOC
com.vk.sdk.api.groups.dto.GroupsSearchType: GroupsSearchType(java.lang.String,int,java.lang.String)
com.vk.sdk.api.friends.dto.FriendsDeleteResponse$FriendDeleted: com.vk.sdk.api.friends.dto.FriendsDeleteResponse$FriendDeleted[] $values()
com.vk.api.sdk.exceptions.VKApiExecutionException: java.lang.String getCaptchaSid()
com.vk.sdk.api.gifts.dto.GiftsLayout: java.lang.Integer getId()
com.vk.api.sdk.exceptions.VKApiCodes: java.lang.String PARAM_ERROR
com.vk.sdk.api.photos.dto.PhotosPhotoUpload: int hashCode()
com.vk.sdk.api.account.dto.AccountGetCountersFilter: com.vk.sdk.api.account.dto.AccountGetCountersFilter FRIENDS_SUGGESTIONS
com.vk.sdk.api.users.dto.UsersSearchResponse: java.util.List getItems()
com.vk.sdk.api.stories.dto.StoriesStory: java.lang.Integer getNarrativesCount()
com.vk.sdk.api.groups.dto.GroupsGetSettingsResponse: java.lang.Integer getPublicCategory()
com.vk.sdk.api.newsfeed.dto.NewsfeedNewsfeedItemType: NewsfeedNewsfeedItemType(java.lang.String,int,java.lang.String)
com.vk.sdk.api.leadForms.dto.LeadFormsQuestionItem: com.vk.sdk.api.leadForms.dto.LeadFormsQuestionItem copy$default(com.vk.sdk.api.leadForms.dto.LeadFormsQuestionItem,java.lang.String,com.vk.sdk.api.leadForms.dto.LeadFormsQuestionItem$Type,java.lang.String,java.util.List,int,java.lang.Object)
com.vk.sdk.api.photos.dto.PhotosPhotoFullXtrRealOffset: java.lang.Integer component20()
com.vk.sdk.api.users.dto.UsersOnlineInfo: boolean equals(java.lang.Object)
com.vk.sdk.api.friends.dto.FriendsUserXtrPhone: java.lang.Integer universityGroupId
com.vk.sdk.api.newsfeed.dto.NewsfeedNewsfeedItem$NewsfeedItemWallpost: com.vk.sdk.api.newsfeed.dto.NewsfeedNewsfeedItem$NewsfeedItemWallpost copy$default(com.vk.sdk.api.newsfeed.dto.NewsfeedNewsfeedItem$NewsfeedItemWallpost,com.vk.sdk.api.newsfeed.dto.NewsfeedNewsfeedItemType,com.vk.dto.common.id.UserId,int,com.vk.sdk.api.newsfeed.dto.NewsfeedItemWallpostFeedback,java.lang.Integer,java.util.List,com.vk.sdk.api.base.dto.BaseBoolInt,com.vk.dto.common.id.UserId,com.vk.sdk.api.base.dto.BaseBoolInt,com.vk.sdk.api.base.dto.BaseBoolInt,com.vk.sdk.api.wall.dto.WallWallpostDonut,java.lang.Integer,com.vk.sdk.api.base.dto.BaseCommentsInfo,com.vk.sdk.api.base.dto.BaseBoolInt,com.vk.sdk.api.newsfeed.dto.NewsfeedNewsfeedItem$NewsfeedItemWallpost$TopicId,java.lang.Float,java.lang.String,java.lang.String,java.lang.Boolean,java.util.List,com.vk.sdk.api.wall.dto.WallPostCopyright,java.lang.Integer,com.vk.dto.common.id.UserId,com.vk.sdk.api.wall.dto.WallGeo,java.lang.Integer,java.lang.Boolean,java.lang.Boolean,com.vk.sdk.api.base.dto.BaseLikesInfo,com.vk.dto.common.id.UserId,java.lang.Integer,java.util.List,com.vk.sdk.api.wall.dto.WallPostSource,com.vk.sdk.api.wall.dto.WallPostType,com.vk.sdk.api.base.dto.BaseRepostsInfo,com.vk.dto.common.id.UserId,java.lang.String,com.vk.sdk.api.wall.dto.WallViews,int,int,java.lang.Object)
com.vk.sdk.api.groups.dto.GroupsGetMembersFilter: GroupsGetMembersFilter(java.lang.String,int,java.lang.String)
com.vk.sdk.api.donut.dto.DonutDonatorSubscriptionInfo: com.vk.sdk.api.donut.dto.DonutDonatorSubscriptionInfo$Status status
com.vk.sdk.api.friends.dto.FriendsUserXtrPhone: boolean equals(java.lang.Object)
com.vk.sdk.api.ads.dto.AdsTargSettings: com.vk.sdk.api.base.dto.BaseBoolInt paying
com.vk.sdk.api.messages.dto.MessagesOutReadBy: java.lang.Integer count
com.google.gson.internal.bind.ReflectiveTypeAdapterFactory
com.vk.sdk.api.database.DatabaseService: DatabaseService()
com.vk.sdk.api.R$attr: int queryPatterns
com.vk.sdk.api.users.dto.UsersCareer: java.lang.Integer component1()
com.vk.sdk.api.podcasts.PodcastsService: com.vk.sdk.api.podcasts.dto.PodcastsSearchPodcastResponse podcastsSearchPodcast$lambda-0(com.google.gson.JsonElement)