build/app/outputs/mapping/release/mapping.txt
# compiler: R8
# compiler_version: 2.1.62
# min_api: 21
# pg_map_id: db58e03
# common_typos_disable
...
androidx.collection.MapCollections$EntrySet -> e.b.f$b:
    androidx.collection.MapCollections this$0 -> l
    boolean add(java.util.Map$Entry) -> d
androidx.collection.MapCollections$KeySet -> e.b.f$c:
    androidx.collection.MapCollections this$0 -> l
androidx.collection.MapCollections$MapIterator -> e.b.f$d:
    boolean mEntryValid -> n
    int mEnd -> l
    int mIndex -> m
    androidx.collection.MapCollections this$0 -> o
    java.util.Map$Entry next() -> b
androidx.collection.MapCollections$ValuesCollection -> e.b.f$e:
    androidx.collection.MapCollections this$0 -> l
androidx.collection.SimpleArrayMap -> e.b.g:
    int mSize -> n
    java.lang.Object[] mTwiceBaseCache -> q
    java.lang.Object[] mBaseCache -> o
    java.lang.Object[] mArray -> m
    int mTwiceBaseCacheSize -> r
    int mBaseCacheSize -> p
    int[] mHashes -> l
    void allocArrays(int) -> a
    int binarySearchHashes(int[],int,int) -> b
    void ensureCapacity(int) -> c
    void freeArrays(int[],java.lang.Object[],int) -> d
    int indexOf(java.lang.Object,int) -> e
    int indexOfKey(java.lang.Object) -> f
    int indexOfNull() -> g
    int indexOfValue(java.lang.Object) -> h
    java.lang.Object keyAt(int) -> i
    java.lang.Object removeAt(int) -> j
    java.lang.Object setValueAt(int,java.lang.Object) -> k
    java.lang.Object valueAt(int) -> l
androidx.core.R$dimen -> e.c.a:
    int notification_subtext_size -> h
    int notification_small_icon_background_padding -> f
    int notification_small_icon_size_as_large -> g
    int notification_large_icon_width -> d
    int notification_right_icon_size -> e
    int compat_notification_large_icon_max_width -> b
    int notification_big_circle_margin -> c
    int compat_notification_large_icon_max_height -> a
androidx.core.R$drawable -> e.c.b:
    int notification_template_icon_bg -> d
    int notification_template_icon_low_bg -> e
    int notification_bg_low -> b
    int notification_icon_background -> c
    int notification_bg -> a
androidx.core.R$id -> e.c.c:
    int time -> n
    int title -> o
    int text -> l
    int text2 -> m
    int tag_unhandled_key_event_manager -> j
    int tag_unhandled_key_listeners -> k
    int right_side -> h
    int tag_accessibility_pane_title -> i
    int notification_background -> f
    int right_icon -> g
    int line1 -> d
    int line3 -> e
    int icon -> b
    int info -> c
    int chronometer -> a
androidx.core.R$integer -> e.c.d:
    int status_bar_notification_info_maxnum -> a
androidx.core.R$string -> e.c.e:
    int status_bar_notification_info_overflow -> a
androidx.core.app.AlarmManagerCompat -> androidx.core.app.a:
    void setExact(android.app.AlarmManager,int,long,android.app.PendingIntent) -> a
    void setExactAndAllowWhileIdle(android.app.AlarmManager,int,long,android.app.PendingIntent) -> b
androidx.core.app.AppOpsManagerCompat -> androidx.core.app.b:
    int checkOrNoteProxyOp(android.content.Context,int,java.lang.String,java.lang.String) -> a
    int noteProxyOpNoThrow(android.content.Context,java.lang.String,java.lang.String) -> b
    java.lang.String permissionToOp(java.lang.String) -> c
androidx.core.app.AppOpsManagerCompat$Api29Impl -> androidx.core.app.b$a:
    int checkOpNoThrow(android.app.AppOpsManager,java.lang.String,int,java.lang.String) -> a
    java.lang.String getOpPackageName(android.content.Context) -> b
    android.app.AppOpsManager getSystemService(android.content.Context) -> c
androidx.core.app.BundleCompat -> androidx.core.app.c:
    android.os.IBinder getBinder(android.os.Bundle,java.lang.String) -> a
androidx.core.app.BundleCompat$BundleCompatBaseImpl -> androidx.core.app.c$a:
    boolean sGetIBinderMethodFetched -> b
    java.lang.reflect.Method sGetIBinderMethod -> a
    android.os.IBinder getBinder(android.os.Bundle,java.lang.String) -> a
androidx.core.app.ComponentActivity -> androidx.core.app.d:
    androidx.lifecycle.LifecycleRegistry mLifecycleRegistry -> a
    boolean superDispatchKeyEvent(android.view.KeyEvent) -> b