build/app/outputs/mapping/release/usage.txt
com.nvsces.zm.fellow_travelers_zm.R$menu
com.nvsces.zm.fellow_travelers_zm.R$bool
com.nvsces.zm.fellow_travelers_zm.R$attr
com.nvsces.zm.fellow_travelers_zm.R$string
com.nvsces.zm.fellow_travelers_zm.R$drawable
com.nvsces.zm.fellow_travelers_zm.R$styleable
com.nvsces.zm.fellow_travelers_zm.R$integer
com.nvsces.zm.fellow_travelers_zm.R$style
com.nvsces.zm.fellow_travelers_zm.R$color
com.nvsces.zm.fellow_travelers_zm.BuildConfig
com.nvsces.zm.fellow_travelers_zm.R$dimen
com.nvsces.zm.fellow_travelers_zm.R$layout
com.nvsces.zm.fellow_travelers_zm.R
com.nvsces.zm.fellow_travelers_zm.R$id
com.nvsces.zm.fellow_travelers_zm.R$mipmap
...
com.google.common.collect.MapMakerInternalMap$StrongKeyStrongValueEntry$Helper
androidx.core.widget.CheckedTextViewCompat$Api16Impl
androidx.fragment.app.FragmentStatePagerAdapter
okio.Options:
    public static final varargs okio.Options of(okio.ByteString[])
androidx.annotation.InspectableProperty$FlagEntry
com.google.common.io.BaseEncoding$4
com.google.common.util.concurrent.AggregateFuture
android.support.v4.media.session.MediaSessionCompat$MediaSessionImplApi21$ExtraSession
com.google.common.html.HtmlEscapers
com.google.common.graph.ConfigurableMutableNetwork
kotlin.reflect.KClassifier
com.google.firebase.installations.remote.TokenResult:
    public abstract com.google.firebase.installations.remote.TokenResult$Builder toBuilder()
androidx.fragment.app.FragmentManagerState
androidx.core.view.accessibility.AccessibilityNodeInfoCompat$RangeInfoCompat
androidx.core.widget.TextViewCompat$OreoCallback
com.google.common.cache.RemovalCause$2
com.google.common.collect.TreeMultiset$Reference
com.google.common.base.CharMatcher$JavaLetter
kotlinx.coroutines.flow.FlowKt__TransformKt$filter$$inlined$unsafeTransform$1$2
com.google.common.io.ByteSource$ConcatenatedByteSource
kotlinx.coroutines.channels.ReceiveChannel:
    public abstract boolean isClosedForReceive()
    public abstract boolean isEmpty()
    public abstract java.lang.Object receive(kotlin.coroutines.Continuation)
    public abstract kotlinx.coroutines.selects.SelectClause1 getOnReceive()
    public abstract java.lang.Object receiveCatching-JP2dKIU(kotlin.coroutines.Continuation)
    public abstract kotlinx.coroutines.selects.SelectClause1 getOnReceiveCatching()
    public abstract java.lang.Object tryReceive-PtdJZtk()
    public abstract void cancel(java.util.concurrent.CancellationException)
    public synthetic abstract void cancel()
    public synthetic abstract boolean cancel(java.lang.Throwable)
    public abstract java.lang.Object poll()
    public abstract java.lang.Object receiveOrNull(kotlin.coroutines.Continuation)
    public abstract kotlinx.coroutines.selects.SelectClause1 getOnReceiveOrNull()
kotlin.collections.ArraysKt___ArraysJvmKt$asList$5
com.google.common.collect.Maps$MapDifferenceImpl
com.google.firebase.R$string
kotlin.collections.builders.MapBuilder$EntriesItr
kotlin.ULongArray$Iterator
com.google.common.collect.Synchronized$SynchronizedBiMap
com.google.android.gms.measurement.internal.zzib:
    public abstract java.lang.Object zzg(int)
    public abstract void zzt(java.lang.String,java.lang.String,android.os.Bundle,long)
    public abstract void zzu(com.google.android.gms.measurement.internal.zzgw)
    public abstract void zzw(com.google.android.gms.measurement.internal.zzgv)
    public abstract void zzx(com.google.android.gms.measurement.internal.zzgw)
kotlin.collections.ArraysKt___ArraysKt$asSequence$$inlined$Sequence$6
com.google.common.util.concurrent.AbstractScheduledService$Scheduler
okhttp3.internal.cache.DiskLruCache
kotlin.BuilderInference
kotlin.jdk7.AutoCloseableKt
com.google.common.collect.Multisets$UnmodifiableMultiset
kotlinx.coroutines.internal.StackTraceRecoveryKt:
    public static final java.lang.Throwable recoverStackTrace(java.lang.Throwable,kotlin.coroutines.Continuation)
    public static final java.lang.Object recoverAndThrow(java.lang.Throwable,kotlin.coroutines.Continuation)
    private static final java.lang.Object recoverAndThrow$$forInline(java.lang.Throwable,kotlin.coroutines.Continuation)
    public static final java.lang.Throwable unwrap(java.lang.Throwable)
    public static final void initCause(java.lang.Throwable,java.lang.Throwable)
    public static synthetic void CoroutineStackFrame$annotations()
    public static synthetic void StackTraceElement$annotations()
    private static final java.lang.String baseContinuationImplClass
    private static final java.lang.String stackTraceRecoveryClass